INFO  @ Wed, 14 Aug 2024 15:35:51: Parameters: /home/p.krijger_cbs-niob.local/bin/miniforge3/envs/mageck_env/bin/mageck mle -k ST_CRISPRi_combined_240814.tsv --design-matrix desgin_matrix.txt --norm-method control --control-sgrna nontargeting.txt --output-prefix ST_CRISPRi_240814_Matrix_simple_mTSS.mle 
INFO  @ Wed, 14 Aug 2024 15:35:54: Cannot parse design matrix as a string; try to parse it as a file name ... 
INFO  @ Wed, 14 Aug 2024 15:35:54: Design matrix: 
INFO  @ Wed, 14 Aug 2024 15:35:54: [[1. 0. 0. 0. 0. 0. 0. 0. 0.] 
INFO  @ Wed, 14 Aug 2024 15:35:54:  [1. 1. 0. 0. 0. 0. 0. 0. 0.] 
INFO  @ Wed, 14 Aug 2024 15:35:54:  [1. 0. 1. 0. 0. 0. 0. 0. 0.] 
INFO  @ Wed, 14 Aug 2024 15:35:54:  [1. 0. 0. 1. 0. 0. 0. 0. 0.] 
INFO  @ Wed, 14 Aug 2024 15:35:54:  [1. 0. 0. 0. 1. 0. 0. 0. 0.] 
INFO  @ Wed, 14 Aug 2024 15:35:54:  [1. 0. 0. 0. 0. 1. 0. 0. 0.] 
INFO  @ Wed, 14 Aug 2024 15:35:54:  [1. 0. 0. 0. 0. 0. 1. 0. 0.] 
INFO  @ Wed, 14 Aug 2024 15:35:54:  [1. 0. 0. 0. 0. 0. 0. 1. 0.] 
INFO  @ Wed, 14 Aug 2024 15:35:54:  [1. 0. 0. 0. 0. 0. 0. 0. 1.]] 
INFO  @ Wed, 14 Aug 2024 15:35:54: Beta labels:Baseline,E0_Low,E0_High,E50_Low,E50_High,E100_Low,E100_High,EC100_Low,EC100_High 
INFO  @ Wed, 14 Aug 2024 15:35:54: Included samples:E0_Unsorted,E0_Low,E0_High,E50_Low,E50_High,E100_Low,E100_High,EC100_Low,EC100_High 
INFO  @ Wed, 14 Aug 2024 15:35:54: Loaded samples:E0_Unsorted;E0_Low;E0_High;E50_Low;E50_High;E100_Low;E100_High;EC100_Low;EC100_High 
INFO  @ Wed, 14 Aug 2024 15:35:54: Sample index: 0;1;2;3;4;7;8;5;6 
INFO  @ Wed, 14 Aug 2024 15:35:54: Loaded 3463 genes. 
INFO  @ Wed, 14 Aug 2024 15:35:54: 625 out of 690 control sgRNAs are found in count table. 
INFO  @ Wed, 14 Aug 2024 15:35:54: Loaded 690 control sgRNAs from nontargeting.txt 
INFO  @ Wed, 14 Aug 2024 15:35:54: control sgRNAs for normalization:625 
DEBUG @ Wed, 14 Aug 2024 15:35:54: Initial (total) size factor: 3.4375536230942654 0.8138235637111108 0.8206812685083414 0.9828387787729227 2.01274907848488 0.8604311175875624 0.7122080520466566 1.0285402160903232 0.8271364703507246 
DEBUG @ Wed, 14 Aug 2024 15:35:54: Median factor: 3.0752368348958368 0.757387693431099 0.7385807609372007 0.9250871997608111 1.8267465583846954 0.7644181844991829 0.6397344601240299 0.9249211433139004 0.7419870397267699 
INFO  @ Wed, 14 Aug 2024 15:35:54: Final size factor: 3.0752368348958368 0.757387693431099 0.7385807609372007 0.9250871997608111 1.8267465583846954 0.7644181844991829 0.6397344601240299 0.9249211433139004 0.7419870397267699 
INFO  @ Wed, 14 Aug 2024 15:35:54: size factor: 0.32517820697665767,1.3203277643314018,1.353948075672969,1.080979177161416,0.5474213132686847,1.3081844732084196,1.5631485598042083,1.0811732516105097,1.3477324352838307 
INFO  @ Wed, 14 Aug 2024 15:35:54: Thread 0 started. 
INFO  @ Wed, 14 Aug 2024 15:35:54: Thread 0: total 1 instances. 
INFO  @ Wed, 14 Aug 2024 15:35:54: Thread 0 completed. 
INFO  @ Wed, 14 Aug 2024 15:35:54: All threads completed. 
INFO  @ Wed, 14 Aug 2024 15:35:55: Modeling the mean and variance ... 
INFO  @ Wed, 14 Aug 2024 15:35:55: Run the algorithm for the second time ... 
INFO  @ Wed, 14 Aug 2024 15:35:55: Skipping gene negative_control_na from MLE calculation since there are too many sgRNAs. To change, revise the --max-sgrnapergene-permutation option. 
INFO  @ Wed, 14 Aug 2024 15:35:55: Thread 0 started. 
INFO  @ Wed, 14 Aug 2024 15:35:55: Thread 0: total 3462 instances. 
INFO  @ Wed, 14 Aug 2024 15:35:55: Thread 0: Calculating SP8_P1P2 (1) ...  
INFO  @ Wed, 14 Aug 2024 15:36:04: Thread 0: Calculating KRBOX1_P1P2 (1001) ...  
INFO  @ Wed, 14 Aug 2024 15:36:13: Thread 0: Calculating KDM8_P1P2 (2001) ...  
INFO  @ Wed, 14 Aug 2024 15:36:22: Thread 0: Calculating ARNTL2_P1P2 (3001) ...  
INFO  @ Wed, 14 Aug 2024 15:36:26: Thread 0 completed. 
INFO  @ Wed, 14 Aug 2024 15:36:26: All threads completed. 
INFO  @ Wed, 14 Aug 2024 15:36:28: Using 1 genes and 625 sgRNAs as negative controls for permutation... 
INFO  @ Wed, 14 Aug 2024 15:36:28: Permuting groups of gene with 5 sgRNAs per gene. Group progress: 1/2 
INFO  @ Wed, 14 Aug 2024 15:36:28: Start permuting 2 rounds ... 
INFO  @ Wed, 14 Aug 2024 15:36:28: Collecting 625 sgRNAs from 1 genes. 
INFO  @ Wed, 14 Aug 2024 15:36:28: Permuting round 0 ... 
INFO  @ Wed, 14 Aug 2024 15:36:28: Thread 0 started. 
INFO  @ Wed, 14 Aug 2024 15:36:28: Thread 0: total 3463 instances. 
INFO  @ Wed, 14 Aug 2024 15:36:28: Thread 0: Calculating SP8_P1P2 (1) ...  
INFO  @ Wed, 14 Aug 2024 15:36:37: Thread 0: Calculating IKZF5_P1P2 (1001) ...  
INFO  @ Wed, 14 Aug 2024 15:36:46: Thread 0: Calculating PTH_P1P2 (2001) ...  
INFO  @ Wed, 14 Aug 2024 15:36:55: Thread 0: Calculating TRAF5_P1P2 (3001) ...  
INFO  @ Wed, 14 Aug 2024 15:36:59: Thread 0 completed. 
INFO  @ Wed, 14 Aug 2024 15:36:59: All threads completed. 
INFO  @ Wed, 14 Aug 2024 15:37:02: Permuting round 1 ... 
INFO  @ Wed, 14 Aug 2024 15:37:02: Thread 0 started. 
INFO  @ Wed, 14 Aug 2024 15:37:02: Thread 0: total 3463 instances. 
INFO  @ Wed, 14 Aug 2024 15:37:02: Thread 0: Calculating SP8_P1P2 (1) ...  
INFO  @ Wed, 14 Aug 2024 15:37:11: Thread 0: Calculating IKZF5_P1P2 (1001) ...  
INFO  @ Wed, 14 Aug 2024 15:37:21: Thread 0: Calculating PTH_P1P2 (2001) ...  
INFO  @ Wed, 14 Aug 2024 15:37:30: Thread 0: Calculating TRAF5_P1P2 (3001) ...  
INFO  @ Wed, 14 Aug 2024 15:37:35: Thread 0 completed. 
INFO  @ Wed, 14 Aug 2024 15:37:35: All threads completed. 
INFO  @ Wed, 14 Aug 2024 15:37:38: Assigning p values... 
INFO  @ Wed, 14 Aug 2024 15:37:41: Groups of gene with 625 sgRNAs per gene: assigning p values based on previous group results. Group progress: 2/2 
INFO  @ Wed, 14 Aug 2024 15:37:41: Writing gene results to ST_CRISPRi_240814_Matrix_simple_mTSS.mle.gene_summary.txt 
INFO  @ Wed, 14 Aug 2024 15:37:41: Writing sgRNA results to ST_CRISPRi_240814_Matrix_simple_mTSS.mle.sgrna_summary.txt 
